0 info it worked if it ends with ok
1 verbose cli [ 'node', '/usr/local/bin/npm', 'install', 'hammer-draggables' ]
2 info using npm@1.4.16
3 info using node@v0.10.28
4 verbose node symlink /usr/local/bin/node
5 verbose cache add [ 'hammer-draggables', null ]
6 verbose cache add name=undefined spec="hammer-draggables" args=["hammer-draggables",null]
7 verbose parsed url { protocol: null,
7 verbose parsed url   slashes: null,
7 verbose parsed url   auth: null,
7 verbose parsed url   host: null,
7 verbose parsed url   port: null,
7 verbose parsed url   hostname: null,
7 verbose parsed url   hash: null,
7 verbose parsed url   search: null,
7 verbose parsed url   query: null,
7 verbose parsed url   pathname: 'hammer-draggables',
7 verbose parsed url   path: 'hammer-draggables',
7 verbose parsed url   href: 'hammer-draggables' }
8 silly lockFile b5cd8d85-hammer-draggables hammer-draggables
9 verbose lock hammer-draggables /Users/petertamisin/.npm/b5cd8d85-hammer-draggables.lock
10 silly lockFile b5cd8d85-hammer-draggables hammer-draggables
11 silly lockFile b5cd8d85-hammer-draggables hammer-draggables
12 verbose addNamed [ 'hammer-draggables', '' ]
13 verbose addNamed [ null, '*' ]
14 silly lockFile e3c0cfe1-hammer-draggables hammer-draggables@
15 verbose lock hammer-draggables@ /Users/petertamisin/.npm/e3c0cfe1-hammer-draggables.lock
16 silly addNameRange { name: 'hammer-draggables', range: '*', hasData: false }
17 verbose request where is /hammer-draggables
18 verbose request registry https://registry.npmjs.org/
19 verbose request id e51e697659079684
20 verbose url raw /hammer-draggables
21 verbose url resolving [ 'https://registry.npmjs.org/', './hammer-draggables' ]
22 verbose url resolved https://registry.npmjs.org/hammer-draggables
23 verbose request where is https://registry.npmjs.org/hammer-draggables
24 info trying registry request attempt 1 at 10:45:50
25 http GET https://registry.npmjs.org/hammer-draggables
26 http 404 https://registry.npmjs.org/hammer-draggables
27 verbose headers { date: 'Thu, 03 Jul 2014 14:45:51 GMT',
27 verbose headers   server: 'CouchDB/1.5.0 (Erlang OTP/R16B03)',
27 verbose headers   'content-type': 'application/json',
27 verbose headers   'cache-control': 'max-age=0',
27 verbose headers   'content-length': '52',
27 verbose headers   'accept-ranges': 'bytes',
27 verbose headers   via: '1.1 varnish',
27 verbose headers   age: '0',
27 verbose headers   'x-served-by': 'cache-jfk1022-JFK',
27 verbose headers   'x-cache': 'MISS',
27 verbose headers   'x-cache-hits': '0',
27 verbose headers   'x-timer': 'S1404398751.100044,VS0,VE88',
27 verbose headers   'keep-alive': 'timeout=10, max=50',
27 verbose headers   connection: 'Keep-Alive' }
28 silly registry.get cb [ 404,
28 silly registry.get   { date: 'Thu, 03 Jul 2014 14:45:51 GMT',
28 silly registry.get     server: 'CouchDB/1.5.0 (Erlang OTP/R16B03)',
28 silly registry.get     'content-type': 'application/json',
28 silly registry.get     'cache-control': 'max-age=0',
28 silly registry.get     'content-length': '52',
28 silly registry.get     'accept-ranges': 'bytes',
28 silly registry.get     via: '1.1 varnish',
28 silly registry.get     age: '0',
28 silly registry.get     'x-served-by': 'cache-jfk1022-JFK',
28 silly registry.get     'x-cache': 'MISS',
28 silly registry.get     'x-cache-hits': '0',
28 silly registry.get     'x-timer': 'S1404398751.100044,VS0,VE88',
28 silly registry.get     'keep-alive': 'timeout=10, max=50',
28 silly registry.get     connection: 'Keep-Alive' } ]
29 silly lockFile e3c0cfe1-hammer-draggables hammer-draggables@
30 silly lockFile e3c0cfe1-hammer-draggables hammer-draggables@
31 error 404 404 Not Found: hammer-draggables
31 error 404
31 error 404 'hammer-draggables' is not in the npm registry.
31 error 404 You should bug the author to publish it
31 error 404
31 error 404 Note that you can also install from a
31 error 404 tarball, folder, or http url, or git url.
32 error System Darwin 13.2.0
33 error command "node" "/usr/local/bin/npm" "install" "hammer-draggables"
34 error cwd /Users/petertamisin/Github/Thought-Deck/js/libs/hammer.js
35 error node -v v0.10.28
36 error npm -v 1.4.16
37 error code E404
38 verbose exit [ 1, true ]
